The system is: CYGWIN - 3.0.6(0.338/5/3) - x86_64
Compiling the C compiler identification source file "CMakeCCompilerId.c" succeeded.
Compiler: /usr/bin/cc 
Build flags: 
Id flags:  

The output was:
0


Compilation of the C compiler identification source "CMakeCCompilerId.c" produced "a.exe"

The C compiler identification is GNU, found in "/cygdrive/c/Users/tejvi/Desktop/Linked List/cmake-build-debug/CMakeFiles/3.14.3/CompilerIdC/a.exe"

Compiling the CXX compiler identification source file "CMakeCXXCompilerId.cpp" succeeded.
Compiler: /usr/bin/c++.exe 
Build flags: 
Id flags:  

The output was:
0


Compilation of the CXX compiler identification source "CMakeCXXCompilerId.cpp" produced "a.exe"

The CXX compiler identification is GNU, found in "/cygdrive/c/Users/tejvi/Desktop/Linked List/cmake-build-debug/CMakeFiles/3.14.3/CompilerIdCXX/a.exe"

Determining if the C compiler works passed with the following output:
Change Dir: /cygdrive/c/Users/tejvi/Desktop/Linked List/cmake-build-debug/CMakeFiles/CMakeTmp

Run Build Command(s):/usr/bin/make.exe cmTC_ee292/fast 
/usr/bin/make -f CMakeFiles/cmTC_ee292.dir/build.make CMakeFiles/cmTC_ee292.dir/build
make[1]: Entering directory '/cygdrive/c/Users/tejvi/Desktop/Linked List/cmake-build-debug/CMakeFiles/CMakeTmp'
Building C object CMakeFiles/cmTC_ee292.dir/testCCompiler.c.o
/usr/bin/cc    -o CMakeFiles/cmTC_ee292.dir/testCCompiler.c.o   -c "/cygdrive/c/Users/tejvi/Desktop/Linked List/cmake-build-debug/CMakeFiles/CMakeTmp/testCCompiler.c"
Linking C executable cmTC_ee292.exe
/cygdrive/c/Users/tejvi/.CLion2019.1/system/cygwin_cmake/bin/cmake.exe -E cmake_link_script CMakeFiles/cmTC_ee292.dir/link.txt --verbose=1
/usr/bin/cc    -Wl,--enable-auto-import  CMakeFiles/cmTC_ee292.dir/testCCompiler.c.o  -o cmTC_ee292.exe -Wl,--out-implib,libcmTC_ee292.dll.a -Wl,--major-image-version,0,--minor-image-version,0 
make[1]: Leaving directory '/cygdrive/c/Users/tejvi/Desktop/Linked List/cmake-build-debug/CMakeFiles/CMakeTmp'


